<?xml version="1.0" encoding="UTF-8"?>
<!-- Generated by org.testng.reporters.JUnitReportReporter -->
<testsuite hostname="vijay" failures="0" tests="1" name="com.crm.qa.testcases.BnkMngrLoginTestcase" time="4.516" errors="0" timestamp="08 Mar 2024 05:12:49 GMT" skipped="0">
  <testcase classname="com.crm.qa.testcases.BnkMngrLoginTestcase" name="BankManagerLogin" time="4.516"/>
</testsuite> <!-- com.crm.qa.testcases.BnkMngrLoginTestcase -->
