<?xml version="1.0" encoding="UTF-8"?>
<!-- Generated by org.testng.reporters.JUnitReportReporter -->
<testsuite hostname="vijay" failures="0" tests="1" name="com.crm.qa.testcases.CustomerWithdrawlTestcase" time="5.252" errors="0" timestamp="08 Mar 2024 10:23:32 GMT" skipped="0">
  <testcase classname="com.crm.qa.testcases.CustomerWithdrawlTestcase" name="customerwithdrawl" time="5.252"/>
</testsuite> <!-- com.crm.qa.testcases.CustomerWithdrawlTestcase -->
