<?xml version="1.0" encoding="UTF-8"?>
<!-- Generated by org.testng.reporters.JUnitReportReporter -->
<testsuite hostname="vijay" failures="0" tests="3" name="com.crm.qa.testcases.LoginPageTest" time="23.282" errors="0" timestamp="07 Mar 2024 07:18:34 GMT" skipped="0">
  <testcase classname="com.crm.qa.testcases.LoginPageTest" name="loginPageTitleTest" time="5.795"/>
  <testcase classname="com.crm.qa.testcases.LoginPageTest" name="crmLogoImageTest" time="5.647"/>
  <testcase classname="com.crm.qa.testcases.LoginPageTest" name="loginTest" time="11.840"/>
</testsuite> <!-- com.crm.qa.testcases.LoginPageTest -->
