<?xml version="1.0" encoding="UTF-8"?>
<!-- Generated by org.testng.reporters.JUnitReportReporter -->
<testsuite hostname="vijay" failures="0" tests="1" name="com.crm.qa.testcases.CustomerLoginPageTest" time="5.239" errors="0" timestamp="08 Mar 2024 10:23:32 GMT" skipped="0">
  <testcase classname="com.crm.qa.testcases.CustomerLoginPageTest" name="customerloginpagetest" time="5.239"/>
</testsuite> <!-- com.crm.qa.testcases.CustomerLoginPageTest -->
