<?xml version="1.0" encoding="UTF-8"?>
<!-- Generated by org.testng.reporters.JUnitReportReporter -->
<testsuite hostname="vijay" failures="0" tests="1" name="com.crm.qa.testcases.CustomerTransactionTestcase" time="5.420" errors="0" timestamp="08 Mar 2024 05:13:49 GMT" skipped="0">
  <testcase classname="com.crm.qa.testcases.CustomerTransactionTestcase" name="customertransaction" time="5.420"/>
</testsuite> <!-- com.crm.qa.testcases.CustomerTransactionTestcase -->
