<?xml version="1.0" encoding="UTF-8"?>
<!-- Generated by org.testng.reporters.JUnitReportReporter -->
<testsuite hostname="vijay" failures="0" tests="1" name="com.crm.qa.testcases.SearchCustomersTestcase" time="4.377" errors="0" timestamp="08 Mar 2024 10:23:32 GMT" skipped="0">
  <testcase classname="com.crm.qa.testcases.SearchCustomersTestcase" name="searchcustomers" time="4.377"/>
</testsuite> <!-- com.crm.qa.testcases.SearchCustomersTestcase -->
